<?xml version="1.0" encoding="UTF-8"?>
<!-- Generated by org.testng.reporters.JUnitReportReporter -->
<testsuite hostname="DESKTOP-165ABPJ" name="com.nayan.Login.testcases.TC_02_Verify_Data_Movement_Between_Specialist_Managers" tests="1" failures="0" timestamp="13 Jun 2021 13:48:25 GMT" time="737.254" errors="0">
  <testcase name="verify_Data_Movement_Between_Specialist_Managers" time="737.254" classname="com.nayan.Login.testcases.TC_02_Verify_Data_Movement_Between_Specialist_Managers"/>
</testsuite> <!-- com.nayan.Login.testcases.TC_02_Verify_Data_Movement_Between_Specialist_Managers -->
